<?xml version="1.0" encoding="UTF-8"?>
<!-- Generated by org.testng.reporters.JUnitReportReporter -->
<testsuite hostname="LAPTOP-PACC227E" failures="0" tests="1" name="Academy.ValidateNavigationBar" time="0.193" errors="0" timestamp="9 May 2021 09:29:50 GMT">
  <testcase classname="Academy.ValidateNavigationBar" name="validateAppNavBar" time="0.193"/>
</testsuite> <!-- Academy.ValidateNavigationBar -->
