<?xml version="1.0" encoding="UTF-8"?>
<!-- Generated by org.testng.reporters.JUnitReportReporter -->
<testsuite hostname="LAPTOP-PACC227E" failures="0" tests="2" name="Academy.HomePage" time="5.450" errors="0" timestamp="9 May 2021 09:57:12 GMT">
  <testcase classname="Academy.HomePage" name="basePageNavigation" time="3.453"/>
  <testcase classname="Academy.HomePage" name="basePageNavigation" time="1.997"/>
</testsuite> <!-- Academy.HomePage -->
