<?xml version="1.0" encoding="UTF-8"?>
<!-- Generated by org.testng.reporters.JUnitReportReporter -->
<testsuite hostname="LAPTOP-PACC227E" failures="0" tests="3" name="testA.ForthClass" time="0.012" errors="0" timestamp="2021-04-15T15:29:22 IST" skipped="0">
  <testcase classname="testA.ForthClass" name="MobileLoginHomeLoan" time="0.001"/>
  <system-out/>
  <testcase classname="testA.ForthClass" name="WebLoginHomeLoan" time="0.002"/>
  <system-out/>
  <testcase classname="testA.ForthClass" name="APILoginHomeLoan" time="0.009"/>
  <system-out/>
</testsuite> <!-- testA.ForthClass -->
