<?xml version="1.0" encoding="UTF-8"?>
<!-- Generated by org.testng.reporters.JUnitReportReporter -->
<testsuite hostname="LAPTOP-PACC227E" failures="0" tests="1" name="testA.SecondClass" time="0.001" errors="0" timestamp="2021-04-15T15:29:22 IST" skipped="0">
  <testcase classname="testA.SecondClass" name="Second" time="0.001"/>
  <system-out/>
</testsuite> <!-- testA.SecondClass -->
