<?xml version="1.0" encoding="UTF-8"?>
<!-- Generated by org.testng.reporters.JUnitReportReporter -->
<testsuite hostname="LAPTOP-PACC227E" failures="0" tests="8" name="testA.ThirdClass" time="0.033" errors="0" timestamp="2021-04-15T14:22:18 IST" skipped="0">
  <testcase classname="testA.ThirdClass" name="datapritingclass" time="0.003"/>
  <system-out/>
  <testcase classname="testA.ThirdClass" name="datapritingclass" time="0.003"/>
  <system-out/>
  <testcase classname="testA.ThirdClass" name="datapritingclass" time="0.002"/>
  <system-out/>
  <testcase classname="testA.ThirdClass" name="loginTest" time="0.003"/>
  <system-out/>
  <testcase classname="testA.ThirdClass" name="APILoginCarLoan" time="0.004"/>
  <system-out/>
  <testcase classname="testA.ThirdClass" name="MobileLogoutCarLoan" time="0.009"/>
  <system-out/>
  <testcase classname="testA.ThirdClass" name="MobileLoginCarLoan" time="0.002"/>
  <system-out/>
  <testcase classname="testA.ThirdClass" name="WebLoginCarLoan" time="0.007"/>
  <system-out/>
</testsuite> <!-- testA.ThirdClass -->
