<?xml version="1.0" encoding="UTF-8"?>
<!-- Generated by org.testng.reporters.JUnitReportReporter -->
<testsuite hostname="LAPTOP-PACC227E" failures="0" tests="2" name="Academy.HomePage" time="7.648" errors="0" timestamp="15 May 2021 10:25:05 GMT">
  <testcase classname="Academy.HomePage" name="basePageNavigation" time="2.589"/>
  <testcase classname="Academy.HomePage" name="basePageNavigation" time="5.059"/>
</testsuite> <!-- Academy.HomePage -->
