<?xml version="1.0" encoding="UTF-8"?>
<!-- Generated by org.testng.reporters.JUnitReportReporter -->
<testsuite hostname="LAPTOP-PACC227E" failures="0" tests="1" name="Academy.ValidateNavigationBar" time="0.139" errors="0" timestamp="15 May 2021 10:25:05 GMT">
  <testcase classname="Academy.ValidateNavigationBar" name="validateAppNavBar" time="0.139"/>
</testsuite> <!-- Academy.ValidateNavigationBar -->
